** Daemonized, any open files are closed.  Look at log/mongrel.pid and log/mongrel.log for info.
** Starting Mongrel listening at 0.0.0.0:3000
** Starting Rails with development environment...
** Rails loaded.
** Loading any Rails specific GemPlugins
** Signals ready.  TERM => stop.  USR2 => restart.  INT => stop (no restart).
** Rails signals registered.  HUP => reload (without restart).  It might not work well.
** Mongrel 1.1.5 available at 0.0.0.0:3000
** Writing PID file to log/mongrel.pid
** USR2 signal received.
** Restarting with arguments:  ruby /Library/Ruby/Gems/1.8/gems/mongrel-1.1.5/bin/mongrel_rails start -d
** Daemonized, any open files are closed.  Look at log/mongrel.pid and log/mongrel.log for info.
** Starting Mongrel listening at 0.0.0.0:3000
** Starting Rails with development environment...
/Users/jerrod/Sites/rflickr_multiuser/lib/flickr/auth.rb:26: warning: else without rescue is useless
/Library/Ruby/Site/1.8/rubygems/custom_require.rb:31:in `gem_original_require': /Users/jerrod/Sites/rflickr_multiuser/lib/flickr/auth.rb:19: syntax error, unexpected tIDENTIFIER, expecting kWHEN (SyntaxError)
		raise token_cache.class
		     ^
/Users/jerrod/Sites/rflickr_multiuser/lib/flickr/auth.rb:20: syntax error, unexpected kWHEN, expecting kEND
		when Object
		    ^
/Users/jerrod/Sites/rflickr_multiuser/lib/flickr/auth.rb:22: syntax error, unexpected kWHEN, expecting kEND
		when String
		    ^
/Users/jerrod/Sites/rflickr_multiuser/lib/flickr/auth.rb:64: syntax error, unexpected kEND, expecting $end	from /Library/Ruby/Site/1.8/rubygems/custom_require.rb:31:in `require'
	from /Users/jerrod/.gem/ruby/1.8/gems/activesupport-2.2.2/lib/active_support/dependencies.rb:153:in `require'
	from /Users/jerrod/.gem/ruby/1.8/gems/activesupport-2.2.2/lib/active_support/dependencies.rb:521:in `new_constants_in'
	from /Users/jerrod/.gem/ruby/1.8/gems/activesupport-2.2.2/lib/active_support/dependencies.rb:153:in `require'
	from /Users/jerrod/Sites/rflickr_multiuser/lib/flickr.rb:1
	from /Library/Ruby/Site/1.8/rubygems/custom_require.rb:31:in `gem_original_require'
	from /Library/Ruby/Site/1.8/rubygems/custom_require.rb:31:in `require'
	from /Users/jerrod/.gem/ruby/1.8/gems/activesupport-2.2.2/lib/active_support/dependencies.rb:153:in `require'
	 ... 23 levels...
	from /Library/Ruby/Gems/1.8/gems/mongrel-1.1.5/bin/mongrel_rails:84:in `new'
	from /Library/Ruby/Gems/1.8/gems/mongrel-1.1.5/bin/mongrel_rails:84:in `run'
	from /Library/Ruby/Gems/1.8/gems/mongrel-1.1.5/bin/../lib/mongrel/command.rb:212:in `run'
	from /Library/Ruby/Gems/1.8/gems/mongrel-1.1.5/bin/mongrel_rails:281
** Daemonized, any open files are closed.  Look at log/mongrel.pid and log/mongrel.log for info.
** Starting Mongrel listening at 0.0.0.0:3000
** Starting Rails with development environment...
** Rails loaded.
** Loading any Rails specific GemPlugins
** Signals ready.  TERM => stop.  USR2 => restart.  INT => stop (no restart).
** Rails signals registered.  HUP => reload (without restart).  It might not work well.
** Mongrel 1.1.5 available at 0.0.0.0:3000
** Writing PID file to log/mongrel.pid
** USR2 signal received.
** Restarting with arguments:  ruby /Library/Ruby/Gems/1.8/gems/mongrel-1.1.5/bin/mongrel_rails start -d
** Daemonized, any open files are closed.  Look at log/mongrel.pid and log/mongrel.log for info.
** Starting Mongrel listening at 0.0.0.0:3000
** Starting Rails with development environment...
** Rails loaded.
** Loading any Rails specific GemPlugins
** Signals ready.  TERM => stop.  USR2 => restart.  INT => stop (no restart).
** Rails signals registered.  HUP => reload (without restart).  It might not work well.
** Mongrel 1.1.5 available at 0.0.0.0:3000
** Writing PID file to log/mongrel.pid
** USR2 signal received.
** Restarting with arguments:  ruby /Library/Ruby/Gems/1.8/gems/mongrel-1.1.5/bin/mongrel_rails start -d
** Daemonized, any open files are closed.  Look at log/mongrel.pid and log/mongrel.log for info.
** Starting Mongrel listening at 0.0.0.0:3000
** Starting Rails with development environment...
** Rails loaded.
** Loading any Rails specific GemPlugins
** Signals ready.  TERM => stop.  USR2 => restart.  INT => stop (no restart).
** Rails signals registered.  HUP => reload (without restart).  It might not work well.
** Mongrel 1.1.5 available at 0.0.0.0:3000
** Writing PID file to log/mongrel.pid
** USR2 signal received.
** Restarting with arguments:  ruby /Library/Ruby/Gems/1.8/gems/mongrel-1.1.5/bin/mongrel_rails start -d
** Daemonized, any open files are closed.  Look at log/mongrel.pid and log/mongrel.log for info.
** Starting Mongrel listening at 0.0.0.0:3000
** Starting Rails with development environment...
** Rails loaded.
** Loading any Rails specific GemPlugins
** Signals ready.  TERM => stop.  USR2 => restart.  INT => stop (no restart).
** Rails signals registered.  HUP => reload (without restart).  It might not work well.
** Mongrel 1.1.5 available at 0.0.0.0:3000
** Writing PID file to log/mongrel.pid
ERR: Invalid frob (108)
ERR: Invalid frob (108)
** USR2 signal received.
** Restarting with arguments:  ruby /Library/Ruby/Gems/1.8/gems/mongrel-1.1.5/bin/mongrel_rails start -d
** Daemonized, any open files are closed.  Look at log/mongrel.pid and log/mongrel.log for info.
** Starting Mongrel listening at 0.0.0.0:3000
** Starting Rails with development environment...
** Rails loaded.
** Loading any Rails specific GemPlugins
** Signals ready.  TERM => stop.  USR2 => restart.  INT => stop (no restart).
** Rails signals registered.  HUP => reload (without restart).  It might not work well.
** Mongrel 1.1.5 available at 0.0.0.0:3000
** Writing PID file to log/mongrel.pid
** USR2 signal received.
** Restarting with arguments:  ruby /Library/Ruby/Gems/1.8/gems/mongrel-1.1.5/bin/mongrel_rails start -d
** Daemonized, any open files are closed.  Look at log/mongrel.pid and log/mongrel.log for info.
** Starting Mongrel listening at 0.0.0.0:3000
** Starting Rails with development environment...
** Rails loaded.
** Loading any Rails specific GemPlugins
** Signals ready.  TERM => stop.  USR2 => restart.  INT => stop (no restart).
** Rails signals registered.  HUP => reload (without restart).  It might not work well.
** Mongrel 1.1.5 available at 0.0.0.0:3000
** Writing PID file to log/mongrel.pid
** USR2 signal received.
** Restarting with arguments:  ruby /Library/Ruby/Gems/1.8/gems/mongrel-1.1.5/bin/mongrel_rails start -d
** Daemonized, any open files are closed.  Look at log/mongrel.pid and log/mongrel.log for info.
** Starting Mongrel listening at 0.0.0.0:3000
** Starting Rails with development environment...
** Rails loaded.
** Loading any Rails specific GemPlugins
** Signals ready.  TERM => stop.  USR2 => restart.  INT => stop (no restart).
** Rails signals registered.  HUP => reload (without restart).  It might not work well.
** Mongrel 1.1.5 available at 0.0.0.0:3000
** Writing PID file to log/mongrel.pid
** USR2 signal received.
** Restarting with arguments:  ruby /Library/Ruby/Gems/1.8/gems/mongrel-1.1.5/bin/mongrel_rails start -d
** Daemonized, any open files are closed.  Look at log/mongrel.pid and log/mongrel.log for info.
** Starting Mongrel listening at 0.0.0.0:3000
** Starting Rails with development environment...
** Rails loaded.
** Loading any Rails specific GemPlugins
** Signals ready.  TERM => stop.  USR2 => restart.  INT => stop (no restart).
** Rails signals registered.  HUP => reload (without restart).  It might not work well.
** Mongrel 1.1.5 available at 0.0.0.0:3000
** Writing PID file to log/mongrel.pid
** USR2 signal received.
** Restarting with arguments:  ruby /Library/Ruby/Gems/1.8/gems/mongrel-1.1.5/bin/mongrel_rails start -d
** Daemonized, any open files are closed.  Look at log/mongrel.pid and log/mongrel.log for info.
** Starting Mongrel listening at 0.0.0.0:3000
** Starting Rails with development environment...
** Rails loaded.
** Loading any Rails specific GemPlugins
** Signals ready.  TERM => stop.  USR2 => restart.  INT => stop (no restart).
** Rails signals registered.  HUP => reload (without restart).  It might not work well.
** Mongrel 1.1.5 available at 0.0.0.0:3000
** Writing PID file to log/mongrel.pid
** USR2 signal received.
** Restarting with arguments:  ruby /Library/Ruby/Gems/1.8/gems/mongrel-1.1.5/bin/mongrel_rails start -d
** Daemonized, any open files are closed.  Look at log/mongrel.pid and log/mongrel.log for info.
** Starting Mongrel listening at 0.0.0.0:3000
** Starting Rails with development environment...
/Users/jerrod/Sites/rflickr_multiuser/config/initializers/flickr_api.rb:25: superclass mismatch for class Token (TypeError)
	from /Users/jerrod/.gem/ruby/1.8/gems/activesupport-2.2.2/lib/active_support/dependencies.rb:142:in `load_without_new_constant_marking'
	from /Users/jerrod/.gem/ruby/1.8/gems/activesupport-2.2.2/lib/active_support/dependencies.rb:142:in `load'
	from /Users/jerrod/.gem/ruby/1.8/gems/activesupport-2.2.2/lib/active_support/dependencies.rb:521:in `new_constants_in'
	from /Users/jerrod/.gem/ruby/1.8/gems/activesupport-2.2.2/lib/active_support/dependencies.rb:142:in `load'
	from /Library/Ruby/Gems/1.8/gems/rails-2.2.2/lib/initializer.rb:550:in `load_application_initializers'
	from /Library/Ruby/Gems/1.8/gems/rails-2.2.2/lib/initializer.rb:549:in `each'
	from /Library/Ruby/Gems/1.8/gems/rails-2.2.2/lib/initializer.rb:549:in `load_application_initializers'
	from /Library/Ruby/Gems/1.8/gems/rails-2.2.2/lib/initializer.rb:167:in `process'
	 ... 12 levels...
	from /Library/Ruby/Gems/1.8/gems/mongrel-1.1.5/bin/mongrel_rails:84:in `new'
	from /Library/Ruby/Gems/1.8/gems/mongrel-1.1.5/bin/mongrel_rails:84:in `run'
	from /Library/Ruby/Gems/1.8/gems/mongrel-1.1.5/bin/../lib/mongrel/command.rb:212:in `run'
	from /Library/Ruby/Gems/1.8/gems/mongrel-1.1.5/bin/mongrel_rails:281
** Daemonized, any open files are closed.  Look at log/mongrel.pid and log/mongrel.log for info.
** Starting Mongrel listening at 0.0.0.0:3000
** Starting Rails with development environment...
/Users/jerrod/.gem/ruby/1.8/gems/activesupport-2.2.2/lib/active_support/dependencies.rb:142:in `load_without_new_constant_marking': /Users/jerrod/Sites/rflickr_multiuser/config/initializers/flickr_api.rb:41: syntax error, unexpected $end, expecting tCOLON2 or '[' or '.' (SyntaxError)
	from /Users/jerrod/.gem/ruby/1.8/gems/activesupport-2.2.2/lib/active_support/dependencies.rb:142:in `load'
	from /Users/jerrod/.gem/ruby/1.8/gems/activesupport-2.2.2/lib/active_support/dependencies.rb:521:in `new_constants_in'
	from /Users/jerrod/.gem/ruby/1.8/gems/activesupport-2.2.2/lib/active_support/dependencies.rb:142:in `load'
	from /Library/Ruby/Gems/1.8/gems/rails-2.2.2/lib/initializer.rb:550:in `load_application_initializers'
	from /Library/Ruby/Gems/1.8/gems/rails-2.2.2/lib/initializer.rb:549:in `each'
	from /Library/Ruby/Gems/1.8/gems/rails-2.2.2/lib/initializer.rb:549:in `load_application_initializers'
	from /Library/Ruby/Gems/1.8/gems/rails-2.2.2/lib/initializer.rb:167:in `process'
	from /Library/Ruby/Gems/1.8/gems/rails-2.2.2/lib/initializer.rb:112:in `send'
	 ... 13 levels...
	from /Library/Ruby/Gems/1.8/gems/mongrel-1.1.5/bin/../lib/mongrel/command.rb:212:in `run'
	from /Library/Ruby/Gems/1.8/gems/mongrel-1.1.5/bin/mongrel_rails:281
	from /usr/bin/mongrel_rails:19:in `load'
	from /usr/bin/mongrel_rails:19
** Daemonized, any open files are closed.  Look at log/mongrel.pid and log/mongrel.log for info.
** Starting Mongrel listening at 0.0.0.0:3000
** Starting Rails with development environment...
** Rails loaded.
** Loading any Rails specific GemPlugins
** Signals ready.  TERM => stop.  USR2 => restart.  INT => stop (no restart).
** Rails signals registered.  HUP => reload (without restart).  It might not work well.
** Mongrel 1.1.5 available at 0.0.0.0:3000
** Writing PID file to log/mongrel.pid
** USR2 signal received.
** Restarting with arguments:  ruby /Library/Ruby/Gems/1.8/gems/mongrel-1.1.5/bin/mongrel_rails start -d
** Daemonized, any open files are closed.  Look at log/mongrel.pid and log/mongrel.log for info.
** Starting Mongrel listening at 0.0.0.0:3000
** Starting Rails with development environment...
** Rails loaded.
** Loading any Rails specific GemPlugins
** Signals ready.  TERM => stop.  USR2 => restart.  INT => stop (no restart).
** Rails signals registered.  HUP => reload (without restart).  It might not work well.
** Mongrel 1.1.5 available at 0.0.0.0:3000
** Writing PID file to log/mongrel.pid
** USR2 signal received.
** Restarting with arguments:  ruby /Library/Ruby/Gems/1.8/gems/mongrel-1.1.5/bin/mongrel_rails start -d
** Daemonized, any open files are closed.  Look at log/mongrel.pid and log/mongrel.log for info.
** Starting Mongrel listening at 0.0.0.0:3000
** Starting Rails with development environment...
** Rails loaded.
** Loading any Rails specific GemPlugins
** Signals ready.  TERM => stop.  USR2 => restart.  INT => stop (no restart).
** Rails signals registered.  HUP => reload (without restart).  It might not work well.
** Mongrel 1.1.5 available at 0.0.0.0:3000
** Writing PID file to log/mongrel.pid
** USR2 signal received.
** Restarting with arguments:  ruby /Library/Ruby/Gems/1.8/gems/mongrel-1.1.5/bin/mongrel_rails start -d
** Daemonized, any open files are closed.  Look at log/mongrel.pid and log/mongrel.log for info.
** Starting Mongrel listening at 0.0.0.0:3000
** Starting Rails with development environment...
** Rails loaded.
** Loading any Rails specific GemPlugins
** Signals ready.  TERM => stop.  USR2 => restart.  INT => stop (no restart).
** Rails signals registered.  HUP => reload (without restart).  It might not work well.
** Mongrel 1.1.5 available at 0.0.0.0:3000
** Writing PID file to log/mongrel.pid
** USR2 signal received.
** Restarting with arguments:  ruby /Library/Ruby/Gems/1.8/gems/mongrel-1.1.5/bin/mongrel_rails start -d
** Daemonized, any open files are closed.  Look at log/mongrel.pid and log/mongrel.log for info.
** Starting Mongrel listening at 0.0.0.0:3000
** Starting Rails with development environment...
** Rails loaded.
** Loading any Rails specific GemPlugins
** Signals ready.  TERM => stop.  USR2 => restart.  INT => stop (no restart).
** Rails signals registered.  HUP => reload (without restart).  It might not work well.
** Mongrel 1.1.5 available at 0.0.0.0:3000
** Writing PID file to log/mongrel.pid
